2025-08-26T03:52:19.271Z CLI debug [testhub:service]     loaded module: _0x2b0048
2025-08-26T03:52:19.271Z CLI debug [instrumentation:service]     loaded module: instrumentation:module
2025-08-26T03:52:19.271Z CLI debug [TEST REPORTING AND ANALYTICS:service]     loaded module: observability:module
2025-08-26T03:52:19.271Z CLI debug [accessibility:service]     loaded module: accessibility:module
2025-08-26T03:52:19.271Z CLI debug [ai:service]     loaded module: _0x40ea64
2025-08-26T03:52:19.272Z CLI debug [percy:service]     loaded module: _0x55490e
2025-08-26T03:52:19.273Z CLI debug [local:service]     loaded module: _0xbd69d3
2025-08-26T03:52:19.273Z CLI debug [appautomate:service]     loaded module: appautomate:module
2025-08-26T03:52:19.330Z CLI debug [main]     Starting main function execution
2025-08-26T03:52:19.330Z CLI debug [main]     Executing CLI
2025-08-26T03:56:15.763Z CLI debug [testhub:service]     loaded module: _0x2b0048
2025-08-26T03:56:15.764Z CLI debug [instrumentation:service]     loaded module: instrumentation:module
2025-08-26T03:56:15.764Z CLI debug [TEST REPORTING AND ANALYTICS:service]     loaded module: observability:module
2025-08-26T03:56:15.764Z CLI debug [accessibility:service]     loaded module: accessibility:module
2025-08-26T03:56:15.764Z CLI debug [ai:service]     loaded module: _0x40ea64
2025-08-26T03:56:15.764Z CLI debug [percy:service]     loaded module: _0x55490e
2025-08-26T03:56:15.765Z CLI debug [local:service]     loaded module: _0xbd69d3
2025-08-26T03:56:15.765Z CLI debug [appautomate:service]     loaded module: appautomate:module
2025-08-26T03:56:15.813Z CLI debug [main]     Starting main function execution
2025-08-26T03:56:15.814Z CLI debug [main]     Executing CLI
2025-08-26T04:04:07.556Z CLI debug [testhub:service]     loaded module: _0x2b0048
2025-08-26T04:04:07.557Z CLI debug [instrumentation:service]     loaded module: instrumentation:module
2025-08-26T04:04:07.557Z CLI debug [TEST REPORTING AND ANALYTICS:service]     loaded module: observability:module
2025-08-26T04:04:07.557Z CLI debug [accessibility:service]     loaded module: accessibility:module
2025-08-26T04:04:07.557Z CLI debug [ai:service]     loaded module: _0x40ea64
2025-08-26T04:04:07.557Z CLI debug [percy:service]     loaded module: _0x55490e
2025-08-26T04:04:07.558Z CLI debug [local:service]     loaded module: _0xbd69d3
2025-08-26T04:04:07.558Z CLI debug [appautomate:service]     loaded module: appautomate:module
2025-08-26T04:04:07.606Z CLI debug [main]     Starting main function execution
2025-08-26T04:04:07.607Z CLI debug [main]     Executing CLI
2025-08-26T04:04:52.081Z CLI debug [testhub:service]     loaded module: _0x2b0048
2025-08-26T04:04:52.082Z CLI debug [instrumentation:service]     loaded module: instrumentation:module
2025-08-26T04:04:52.082Z CLI debug [TEST REPORTING AND ANALYTICS:service]     loaded module: observability:module
2025-08-26T04:04:52.082Z CLI debug [accessibility:service]     loaded module: accessibility:module
2025-08-26T04:04:52.082Z CLI debug [ai:service]     loaded module: _0x40ea64
2025-08-26T04:04:52.082Z CLI debug [percy:service]     loaded module: _0x55490e
2025-08-26T04:04:52.083Z CLI debug [local:service]     loaded module: _0xbd69d3
2025-08-26T04:04:52.083Z CLI debug [appautomate:service]     loaded module: appautomate:module
2025-08-26T04:04:52.137Z CLI debug [main]     Starting main function execution
2025-08-26T04:04:52.138Z CLI debug [main]     Executing CLI
2025-08-26T04:17:15.385Z CLI debug [testhub:service]     loaded module: _0x2b0048
2025-08-26T04:17:15.386Z CLI debug [instrumentation:service]     loaded module: instrumentation:module
2025-08-26T04:17:15.386Z CLI debug [TEST REPORTING AND ANALYTICS:service]     loaded module: observability:module
2025-08-26T04:17:15.386Z CLI debug [accessibility:service]     loaded module: accessibility:module
2025-08-26T04:17:15.386Z CLI debug [ai:service]     loaded module: _0x40ea64
2025-08-26T04:17:15.386Z CLI debug [percy:service]     loaded module: _0x55490e
2025-08-26T04:17:15.387Z CLI debug [local:service]     loaded module: _0xbd69d3
2025-08-26T04:17:15.387Z CLI debug [appautomate:service]     loaded module: appautomate:module
2025-08-26T04:17:15.436Z CLI debug [main]     Starting main function execution
2025-08-26T04:17:15.436Z CLI debug [main]     Executing CLI
2025-08-26T04:21:13.314Z CLI debug [testhub:service]     loaded module: _0x2b0048
2025-08-26T04:21:13.314Z CLI debug [instrumentation:service]     loaded module: instrumentation:module
2025-08-26T04:21:13.314Z CLI debug [TEST REPORTING AND ANALYTICS:service]     loaded module: observability:module
2025-08-26T04:21:13.315Z CLI debug [accessibility:service]     loaded module: accessibility:module
2025-08-26T04:21:13.315Z CLI debug [ai:service]     loaded module: _0x40ea64
2025-08-26T04:21:13.315Z CLI debug [percy:service]     loaded module: _0x55490e
2025-08-26T04:21:13.315Z CLI debug [local:service]     loaded module: _0xbd69d3
2025-08-26T04:21:13.316Z CLI debug [appautomate:service]     loaded module: appautomate:module
2025-08-26T04:21:13.363Z CLI debug [main]     Starting main function execution
2025-08-26T04:21:13.364Z CLI debug [main]     Executing CLI
2025-08-26T04:21:32.861Z CLI debug [testhub:service]     loaded module: _0x2b0048
2025-08-26T04:21:32.862Z CLI debug [instrumentation:service]     loaded module: instrumentation:module
2025-08-26T04:21:32.862Z CLI debug [TEST REPORTING AND ANALYTICS:service]     loaded module: observability:module
2025-08-26T04:21:32.862Z CLI debug [accessibility:service]     loaded module: accessibility:module
2025-08-26T04:21:32.862Z CLI debug [ai:service]     loaded module: _0x40ea64
2025-08-26T04:21:32.862Z CLI debug [percy:service]     loaded module: _0x55490e
2025-08-26T04:21:32.863Z CLI debug [local:service]     loaded module: _0xbd69d3
2025-08-26T04:21:32.863Z CLI debug [appautomate:service]     loaded module: appautomate:module
2025-08-26T04:21:32.910Z CLI debug [main]     Starting main function execution
2025-08-26T04:21:32.911Z CLI debug [main]     Executing CLI
2025-08-27T03:49:55.653Z CLI debug [testhub:service]     loaded module: _0x2b0048
2025-08-27T03:49:55.653Z CLI debug [instrumentation:service]     loaded module: instrumentation:module
2025-08-27T03:49:55.653Z CLI debug [TEST REPORTING AND ANALYTICS:service]     loaded module: observability:module
2025-08-27T03:49:55.654Z CLI debug [accessibility:service]     loaded module: accessibility:module
2025-08-27T03:49:55.654Z CLI debug [ai:service]     loaded module: _0x40ea64
2025-08-27T03:49:55.654Z CLI debug [percy:service]     loaded module: _0x55490e
2025-08-27T03:49:55.655Z CLI debug [local:service]     loaded module: _0xbd69d3
2025-08-27T03:49:55.655Z CLI debug [appautomate:service]     loaded module: appautomate:module
2025-08-27T03:49:55.724Z CLI debug [main]     Starting main function execution
2025-08-27T03:49:55.726Z CLI debug [main]     Executing CLI
2025-08-27T03:52:23.934Z CLI debug [testhub:service]     loaded module: _0x2b0048
2025-08-27T03:52:23.935Z CLI debug [instrumentation:service]     loaded module: instrumentation:module
2025-08-27T03:52:23.935Z CLI debug [TEST REPORTING AND ANALYTICS:service]     loaded module: observability:module
2025-08-27T03:52:23.936Z CLI debug [accessibility:service]     loaded module: accessibility:module
2025-08-27T03:52:23.937Z CLI debug [ai:service]     loaded module: _0x40ea64
2025-08-27T03:52:23.938Z CLI debug [percy:service]     loaded module: _0x55490e
2025-08-27T03:52:23.939Z CLI debug [local:service]     loaded module: _0xbd69d3
2025-08-27T03:52:23.940Z CLI debug [appautomate:service]     loaded module: appautomate:module
2025-08-27T03:52:24.453Z CLI debug [main]     Starting main function execution
2025-08-27T03:52:24.460Z CLI debug [main]     Executing CLI
