2024-11-24 00:56:09 [TestNG-tests-1] INFO  testCases.TC001_AccountRegistrationTest - **** Starting TC001_AccountRegistrationTest ****
2024-11-24 00:56:09 [TestNG-tests-1] INFO  testCases.TC001_AccountRegistrationTest - Clicked on My Account Link....
2024-11-24 00:56:09 [TestNG-tests-2] INFO  testCases.TC001_AccountRegistrationTest - **** Starting TC001_AccountRegistrationTest ****
2024-11-24 00:56:09 [TestNG-tests-2] INFO  testCases.TC001_AccountRegistrationTest - Clicked on My Account Link....
2024-11-24 00:56:09 [TestNG-tests-1] INFO  testCases.TC001_AccountRegistrationTest - Clicked on My Register Link....
2024-11-24 00:56:09 [TestNG-tests-1] INFO  testCases.TC001_AccountRegistrationTest - Providing User Details....
2024-11-24 00:56:10 [TestNG-tests-2] INFO  testCases.TC001_AccountRegistrationTest - Clicked on My Register Link....
2024-11-24 00:56:10 [TestNG-tests-2] INFO  testCases.TC001_AccountRegistrationTest - Providing User Details....
2024-11-24 00:56:11 [TestNG-tests-1] INFO  testCases.TC001_AccountRegistrationTest - Validating expected message....
2024-11-24 00:56:11 [TestNG-tests-1] INFO  testCases.TC001_AccountRegistrationTest - **** Finished TC001_AccountRegistrationTest ****
2024-11-24 00:56:11 [TestNG-tests-2] INFO  testCases.TC001_AccountRegistrationTest - Validating expected message....
2024-11-24 00:56:11 [TestNG-tests-2] INFO  testCases.TC001_AccountRegistrationTest - **** Finished TC001_AccountRegistrationTest ****
2024-11-24 01:25:04 [main] INFO  testCases.TC002_LoginTest - **** Starting TC002 LoginTest ****
2024-11-24 01:25:04 [main] INFO  testCases.TC002_LoginTest - **** Go to login page ****
2024-11-24 01:25:05 [main] INFO  testCases.TC002_LoginTest - Enter email ans password....
2024-11-24 01:25:06 [main] INFO  testCases.TC002_LoginTest - TC002 LoginTest Finished
2024-11-24 02:21:27 [main] INFO  testCases.TC003_LoginDataDrivenTest - **** Starting TC002 LoginTest ****
2024-11-24 02:21:27 [main] INFO  testCases.TC003_LoginDataDrivenTest - **** Go to login page ****
2024-11-24 02:21:28 [main] INFO  testCases.TC003_LoginDataDrivenTest - Enter email ans password....
2024-11-24 02:21:38 [main] INFO  testCases.TC003_LoginDataDrivenTest - TC002 LoginTest Finished
2024-11-24 02:21:38 [main] INFO  testCases.TC003_LoginDataDrivenTest - **** Starting TC002 LoginTest ****
2024-11-24 02:21:38 [main] INFO  testCases.TC003_LoginDataDrivenTest - **** Go to login page ****
2024-11-24 02:21:39 [main] INFO  testCases.TC003_LoginDataDrivenTest - Enter email ans password....
2024-11-24 02:21:50 [main] INFO  testCases.TC003_LoginDataDrivenTest - **** Starting TC002 LoginTest ****
2024-11-24 02:21:50 [main] INFO  testCases.TC003_LoginDataDrivenTest - **** Go to login page ****
2024-11-24 02:23:53 [main] INFO  testCases.TC003_LoginDataDrivenTest - **** Starting TC002 LoginTest ****
2024-11-24 02:23:53 [main] INFO  testCases.TC003_LoginDataDrivenTest - **** Go to login page ****
2024-11-24 02:23:53 [main] INFO  testCases.TC003_LoginDataDrivenTest - Enter email ans password....
2024-11-24 02:24:04 [main] INFO  testCases.TC003_LoginDataDrivenTest - TC002 LoginTest Finished
2024-11-24 02:24:04 [main] INFO  testCases.TC003_LoginDataDrivenTest - **** Starting TC002 LoginTest ****
2024-11-24 02:24:04 [main] INFO  testCases.TC003_LoginDataDrivenTest - **** Go to login page ****
2024-11-24 02:24:05 [main] INFO  testCases.TC003_LoginDataDrivenTest - Enter email ans password....
2024-11-24 02:24:07 [main] INFO  testCases.TC003_LoginDataDrivenTest - TC002 LoginTest Finished
2024-11-24 02:24:07 [main] INFO  testCases.TC003_LoginDataDrivenTest - **** Starting TC002 LoginTest ****
2024-11-24 02:24:07 [main] INFO  testCases.TC003_LoginDataDrivenTest - **** Go to login page ****
2024-11-24 02:24:07 [main] INFO  testCases.TC003_LoginDataDrivenTest - Enter email ans password....
2024-11-24 02:28:48 [main] INFO  testCases.TC003_LoginDataDrivenTest - **** Starting TC002 LoginTest ****
2024-11-24 02:28:48 [main] INFO  testCases.TC003_LoginDataDrivenTest - **** Go to login page ****
2024-11-24 02:28:49 [main] INFO  testCases.TC003_LoginDataDrivenTest - Enter email ans password....
2024-11-24 02:28:59 [main] INFO  testCases.TC003_LoginDataDrivenTest - TC002 LoginTest Finished
2024-11-24 02:28:59 [main] INFO  testCases.TC003_LoginDataDrivenTest - **** Starting TC002 LoginTest ****
2024-11-24 02:28:59 [main] INFO  testCases.TC003_LoginDataDrivenTest - **** Go to login page ****
2024-11-24 02:29:00 [main] INFO  testCases.TC003_LoginDataDrivenTest - Enter email ans password....
2024-11-24 02:29:11 [main] INFO  testCases.TC003_LoginDataDrivenTest - **** Starting TC002 LoginTest ****
2024-11-24 02:29:11 [main] INFO  testCases.TC003_LoginDataDrivenTest - **** Go to login page ****
2024-11-24 15:57:47 [main] INFO  testCases.TC003_LoginDataDrivenTest - **** Starting TC002 LoginTest ****
2024-11-24 15:57:47 [main] INFO  testCases.TC003_LoginDataDrivenTest - **** Go to login page ****
2024-11-24 15:57:48 [main] INFO  testCases.TC003_LoginDataDrivenTest - Enter email ans password....
2024-11-24 15:57:59 [main] INFO  testCases.TC003_LoginDataDrivenTest - TC002 LoginTest Finished
2024-11-24 15:57:59 [main] INFO  testCases.TC003_LoginDataDrivenTest - **** Starting TC002 LoginTest ****
2024-11-24 15:57:59 [main] INFO  testCases.TC003_LoginDataDrivenTest - **** Go to login page ****
2024-11-24 15:57:59 [main] INFO  testCases.TC003_LoginDataDrivenTest - Enter email ans password....
2024-11-24 15:58:01 [main] INFO  testCases.TC003_LoginDataDrivenTest - TC002 LoginTest Finished
2024-11-24 15:58:01 [main] INFO  testCases.TC003_LoginDataDrivenTest - **** Starting TC002 LoginTest ****
2024-11-24 15:58:01 [main] INFO  testCases.TC003_LoginDataDrivenTest - **** Go to login page ****
2024-11-24 15:58:02 [main] INFO  testCases.TC003_LoginDataDrivenTest - Enter email ans password....
2024-11-24 15:58:24 [main] INFO  testCases.TC001_AccountRegistrationTest - **** Starting TC001_AccountRegistrationTest ****
2024-11-24 15:58:24 [main] INFO  testCases.TC001_AccountRegistrationTest - Clicked on My Account Link....
2024-11-24 15:58:25 [main] INFO  testCases.TC001_AccountRegistrationTest - Clicked on My Register Link....
2024-11-24 15:58:25 [main] INFO  testCases.TC001_AccountRegistrationTest - Providing User Details....
2024-11-24 15:58:26 [main] INFO  testCases.TC001_AccountRegistrationTest - Validating expected message....
2024-11-24 15:58:26 [main] INFO  testCases.TC001_AccountRegistrationTest - **** Finished TC001_AccountRegistrationTest ****
2024-11-24 15:58:30 [main] INFO  testCases.TC002_LoginTest - **** Starting TC002 LoginTest ****
2024-11-24 15:58:30 [main] INFO  testCases.TC002_LoginTest - **** Go to login page ****
2024-11-24 15:58:31 [main] INFO  testCases.TC002_LoginTest - Enter email ans password....
2024-11-24 15:58:32 [main] INFO  testCases.TC002_LoginTest - TC002 LoginTest Finished
2024-11-24 20:11:24 [main] INFO  testCases.TC001_AccountRegistrationTest - **** Starting TC001_AccountRegistrationTest ****
2024-11-24 20:11:24 [main] INFO  testCases.TC001_AccountRegistrationTest - Clicked on My Account Link....
2024-11-24 20:11:25 [main] INFO  testCases.TC001_AccountRegistrationTest - Clicked on My Register Link....
2024-11-24 20:11:25 [main] INFO  testCases.TC001_AccountRegistrationTest - Providing User Details....
2024-11-24 20:11:26 [main] INFO  testCases.TC001_AccountRegistrationTest - Validating expected message....
2024-11-24 20:11:26 [main] INFO  testCases.TC001_AccountRegistrationTest - **** Finished TC001_AccountRegistrationTest ****
2024-11-24 20:11:30 [main] INFO  testCases.TC002_LoginTest - **** Starting TC002 LoginTest ****
2024-11-24 20:11:30 [main] INFO  testCases.TC002_LoginTest - **** Go to login page ****
2024-11-24 20:11:30 [main] INFO  testCases.TC002_LoginTest - Enter email ans password....
2024-11-24 20:11:32 [main] INFO  testCases.TC002_LoginTest - TC002 LoginTest Finished
2024-11-24 20:16:01 [main] INFO  testCases.TC001_AccountRegistrationTest - **** Starting TC001_AccountRegistrationTest ****
2024-11-24 20:16:02 [main] INFO  testCases.TC001_AccountRegistrationTest - Clicked on My Account Link....
2024-11-24 20:16:03 [main] INFO  testCases.TC001_AccountRegistrationTest - Clicked on My Register Link....
2024-11-24 20:16:03 [main] INFO  testCases.TC001_AccountRegistrationTest - Providing User Details....
2024-11-24 20:16:04 [main] INFO  testCases.TC001_AccountRegistrationTest - Validating expected message....
2024-11-24 20:16:04 [main] INFO  testCases.TC001_AccountRegistrationTest - **** Finished TC001_AccountRegistrationTest ****
2024-11-24 20:16:08 [main] INFO  testCases.TC002_LoginTest - **** Starting TC002 LoginTest ****
2024-11-24 20:16:08 [main] INFO  testCases.TC002_LoginTest - **** Go to login page ****
2024-11-24 20:16:09 [main] INFO  testCases.TC002_LoginTest - Enter email ans password....
2024-11-24 20:16:10 [main] INFO  testCases.TC002_LoginTest - TC002 LoginTest Finished
2024-11-24 20:26:30 [main] INFO  testCases.TC001_AccountRegistrationTest - **** Starting TC001_AccountRegistrationTest ****
2024-11-24 20:26:30 [main] INFO  testCases.TC001_AccountRegistrationTest - Clicked on My Account Link....
2024-11-24 20:26:31 [main] INFO  testCases.TC001_AccountRegistrationTest - Clicked on My Register Link....
2024-11-24 20:26:31 [main] INFO  testCases.TC001_AccountRegistrationTest - Providing User Details....
2024-11-24 20:26:32 [main] INFO  testCases.TC001_AccountRegistrationTest - Validating expected message....
2024-11-24 20:26:32 [main] INFO  testCases.TC001_AccountRegistrationTest - **** Finished TC001_AccountRegistrationTest ****
2024-11-24 20:26:36 [main] INFO  testCases.TC002_LoginTest - **** Starting TC002 LoginTest ****
2024-11-24 20:26:36 [main] INFO  testCases.TC002_LoginTest - **** Go to login page ****
2024-11-24 20:26:37 [main] INFO  testCases.TC002_LoginTest - Enter email ans password....
2024-11-24 20:26:38 [main] INFO  testCases.TC002_LoginTest - TC002 LoginTest Finished
2024-11-24 20:27:19 [main] INFO  testCases.TC001_AccountRegistrationTest - **** Starting TC001_AccountRegistrationTest ****
2024-11-24 20:27:19 [main] INFO  testCases.TC001_AccountRegistrationTest - Clicked on My Account Link....
2024-11-24 20:27:20 [main] INFO  testCases.TC001_AccountRegistrationTest - Clicked on My Register Link....
2024-11-24 20:27:20 [main] INFO  testCases.TC001_AccountRegistrationTest - Providing User Details....
2024-11-24 20:27:21 [main] INFO  testCases.TC001_AccountRegistrationTest - Validating expected message....
2024-11-24 20:27:21 [main] INFO  testCases.TC001_AccountRegistrationTest - **** Finished TC001_AccountRegistrationTest ****
2024-11-24 20:27:26 [main] INFO  testCases.TC002_LoginTest - **** Starting TC002 LoginTest ****
2024-11-24 20:27:26 [main] INFO  testCases.TC002_LoginTest - **** Go to login page ****
2024-11-24 20:27:26 [main] INFO  testCases.TC002_LoginTest - Enter email ans password....
2024-11-27 00:55:33 [main] INFO  testCases.TC001_AccountRegistrationTest - **** Starting TC001_AccountRegistrationTest ****
2024-11-27 00:55:34 [main] INFO  testCases.TC001_AccountRegistrationTest - Clicked on My Account Link....
2024-11-27 00:55:37 [main] INFO  testCases.TC001_AccountRegistrationTest - Clicked on My Register Link....
2024-11-27 00:55:37 [main] INFO  testCases.TC001_AccountRegistrationTest - Providing User Details....
2024-11-27 00:55:42 [main] INFO  testCases.TC001_AccountRegistrationTest - Validating expected message....
2024-11-27 00:55:43 [main] INFO  testCases.TC001_AccountRegistrationTest - **** Finished TC001_AccountRegistrationTest ****
2024-11-27 00:55:59 [main] INFO  testCases.TC002_LoginTest - **** Starting TC002 LoginTest ****
2024-11-27 00:55:59 [main] INFO  testCases.TC002_LoginTest - **** Go to login page ****
2024-11-27 00:56:00 [main] INFO  testCases.TC002_LoginTest - Enter email ans password....
2024-11-27 00:56:05 [main] INFO  testCases.TC002_LoginTest - TC002 LoginTest Finished
2024-11-27 00:56:58 [TestNG-tests-2] INFO  testCases.TC001_AccountRegistrationTest - **** Starting TC001_AccountRegistrationTest ****
2024-11-27 00:56:58 [TestNG-tests-1] INFO  testCases.TC001_AccountRegistrationTest - **** Starting TC001_AccountRegistrationTest ****
2024-11-27 00:56:59 [TestNG-tests-2] INFO  testCases.TC001_AccountRegistrationTest - Clicked on My Account Link....
2024-11-27 00:56:59 [TestNG-tests-1] INFO  testCases.TC001_AccountRegistrationTest - Clicked on My Account Link....
2024-11-27 00:57:09 [TestNG-tests-2] ERROR testCases.TC001_AccountRegistrationTest - Test Failed....
2024-11-27 00:57:19 [TestNG-tests-1] ERROR testCases.TC001_AccountRegistrationTest - Test Failed....
2024-11-27 01:00:19 [TestNG-tests-2] INFO  testCases.TC001_AccountRegistrationTest - **** Starting TC001_AccountRegistrationTest ****
2024-11-27 01:00:19 [TestNG-tests-1] INFO  testCases.TC001_AccountRegistrationTest - **** Starting TC001_AccountRegistrationTest ****
2024-11-27 01:00:19 [TestNG-tests-1] INFO  testCases.TC001_AccountRegistrationTest - Clicked on My Account Link....
2024-11-27 01:00:19 [TestNG-tests-2] INFO  testCases.TC001_AccountRegistrationTest - Clicked on My Account Link....
2024-11-27 01:00:29 [TestNG-tests-1] ERROR testCases.TC001_AccountRegistrationTest - Test Failed....
2024-11-27 01:00:39 [TestNG-tests-2] ERROR testCases.TC001_AccountRegistrationTest - Test Failed....
2024-11-28 01:23:01 [main] INFO  testCases.TC001_AccountRegistrationTest - **** Starting TC001_AccountRegistrationTest ****
2024-11-28 01:23:01 [main] INFO  testCases.TC001_AccountRegistrationTest - Clicked on My Account Link....
2024-11-28 01:23:02 [main] INFO  testCases.TC001_AccountRegistrationTest - Clicked on My Register Link....
2024-11-28 01:23:02 [main] INFO  testCases.TC001_AccountRegistrationTest - Providing User Details....
2024-11-28 01:23:03 [main] INFO  testCases.TC001_AccountRegistrationTest - Validating expected message....
2024-11-28 01:23:03 [main] INFO  testCases.TC001_AccountRegistrationTest - **** Finished TC001_AccountRegistrationTest ****
2024-11-28 01:23:07 [main] INFO  testCases.TC002_LoginTest - **** Starting TC002 LoginTest ****
2024-11-28 01:23:07 [main] INFO  testCases.TC002_LoginTest - **** Go to login page ****
2024-11-28 01:23:07 [main] INFO  testCases.TC002_LoginTest - Enter email ans password....
2024-11-28 01:23:09 [main] INFO  testCases.TC002_LoginTest - TC002 LoginTest Finished
2024-11-28 01:25:44 [main] INFO  testCases.TC001_AccountRegistrationTest - **** Starting TC001_AccountRegistrationTest ****
2024-11-28 01:25:45 [main] INFO  testCases.TC001_AccountRegistrationTest - Clicked on My Account Link....
2024-11-28 01:25:45 [main] INFO  testCases.TC001_AccountRegistrationTest - Clicked on My Register Link....
2024-11-28 01:25:45 [main] INFO  testCases.TC001_AccountRegistrationTest - Providing User Details....
2024-11-28 01:25:47 [main] INFO  testCases.TC001_AccountRegistrationTest - Validating expected message....
2024-11-28 01:25:47 [main] INFO  testCases.TC001_AccountRegistrationTest - **** Finished TC001_AccountRegistrationTest ****
2024-11-28 01:25:53 [main] INFO  testCases.TC002_LoginTest - **** Starting TC002 LoginTest ****
2024-11-28 01:25:53 [main] INFO  testCases.TC002_LoginTest - **** Go to login page ****
2024-11-28 01:25:54 [main] INFO  testCases.TC002_LoginTest - Enter email ans password....
2024-11-28 01:25:56 [main] INFO  testCases.TC002_LoginTest - TC002 LoginTest Finished
2024-11-28 01:26:48 [main] INFO  testCases.TC001_AccountRegistrationTest - **** Starting TC001_AccountRegistrationTest ****
2024-11-28 01:26:48 [main] INFO  testCases.TC001_AccountRegistrationTest - Clicked on My Account Link....
2024-11-28 01:26:49 [main] INFO  testCases.TC001_AccountRegistrationTest - Clicked on My Register Link....
2024-11-28 01:26:49 [main] INFO  testCases.TC001_AccountRegistrationTest - Providing User Details....
2024-11-28 01:26:51 [main] INFO  testCases.TC001_AccountRegistrationTest - Validating expected message....
2024-11-28 01:26:51 [main] INFO  testCases.TC001_AccountRegistrationTest - **** Finished TC001_AccountRegistrationTest ****
2024-11-28 01:26:55 [main] INFO  testCases.TC002_LoginTest - **** Starting TC002 LoginTest ****
2024-11-28 01:26:55 [main] INFO  testCases.TC002_LoginTest - **** Go to login page ****
2024-11-28 01:26:56 [main] INFO  testCases.TC002_LoginTest - Enter email ans password....
2024-11-28 01:26:57 [main] INFO  testCases.TC002_LoginTest - TC002 LoginTest Finished
2024-11-28 01:27:03 [main] INFO  testCases.TC001_AccountRegistrationTest - **** Starting TC001_AccountRegistrationTest ****
2024-11-28 01:27:04 [main] INFO  testCases.TC001_AccountRegistrationTest - Clicked on My Account Link....
2024-11-28 01:27:05 [main] INFO  testCases.TC001_AccountRegistrationTest - Clicked on My Register Link....
2024-11-28 01:27:05 [main] INFO  testCases.TC001_AccountRegistrationTest - Providing User Details....
2024-11-28 01:27:06 [main] INFO  testCases.TC001_AccountRegistrationTest - Validating expected message....
2024-11-28 01:27:06 [main] INFO  testCases.TC001_AccountRegistrationTest - **** Finished TC001_AccountRegistrationTest ****
2024-11-28 01:27:12 [main] INFO  testCases.TC002_LoginTest - **** Starting TC002 LoginTest ****
2024-11-28 01:27:12 [main] INFO  testCases.TC002_LoginTest - **** Go to login page ****
2024-11-28 01:27:13 [main] INFO  testCases.TC002_LoginTest - Enter email ans password....
2024-11-28 01:27:14 [main] INFO  testCases.TC002_LoginTest - TC002 LoginTest Finished
2024-11-28 01:45:55 [main] INFO  testCases.TC001_AccountRegistrationTest - **** Starting TC001_AccountRegistrationTest ****
2024-11-28 01:45:55 [main] INFO  testCases.TC001_AccountRegistrationTest - Clicked on My Account Link....
2024-11-28 01:45:55 [main] INFO  testCases.TC001_AccountRegistrationTest - Clicked on My Register Link....
2024-11-28 01:45:55 [main] INFO  testCases.TC001_AccountRegistrationTest - Providing User Details....
2024-11-28 01:45:57 [main] INFO  testCases.TC001_AccountRegistrationTest - Validating expected message....
2024-11-28 01:45:57 [main] INFO  testCases.TC001_AccountRegistrationTest - **** Finished TC001_AccountRegistrationTest ****
2024-11-28 01:46:00 [main] INFO  testCases.TC002_LoginTest - **** Starting TC002 LoginTest ****
2024-11-28 01:46:00 [main] INFO  testCases.TC002_LoginTest - **** Go to login page ****
2024-11-28 01:46:01 [main] INFO  testCases.TC002_LoginTest - Enter email ans password....
2024-11-28 01:46:02 [main] INFO  testCases.TC002_LoginTest - TC002 LoginTest Finished
2024-11-28 01:46:08 [main] INFO  testCases.TC001_AccountRegistrationTest - **** Starting TC001_AccountRegistrationTest ****
2024-11-28 01:46:09 [main] INFO  testCases.TC001_AccountRegistrationTest - Clicked on My Account Link....
2024-11-28 01:46:10 [main] INFO  testCases.TC001_AccountRegistrationTest - Clicked on My Register Link....
2024-11-28 01:46:10 [main] INFO  testCases.TC001_AccountRegistrationTest - Providing User Details....
2024-11-28 01:46:11 [main] INFO  testCases.TC001_AccountRegistrationTest - Validating expected message....
2024-11-28 01:46:11 [main] INFO  testCases.TC001_AccountRegistrationTest - **** Finished TC001_AccountRegistrationTest ****
2024-11-28 01:46:16 [main] INFO  testCases.TC002_LoginTest - **** Starting TC002 LoginTest ****
2024-11-28 01:46:16 [main] INFO  testCases.TC002_LoginTest - **** Go to login page ****
2024-11-28 01:46:17 [main] INFO  testCases.TC002_LoginTest - Enter email ans password....
2024-11-28 01:46:18 [main] INFO  testCases.TC002_LoginTest - TC002 LoginTest Finished
2024-11-29 23:42:45 [main] INFO  testCases.TC001_AccountRegistrationTest - **** Starting TC001_AccountRegistrationTest ****
2024-11-29 23:42:46 [main] INFO  testCases.TC001_AccountRegistrationTest - Clicked on My Account Link....
2024-11-29 23:42:46 [main] INFO  testCases.TC001_AccountRegistrationTest - Clicked on My Register Link....
2024-11-29 23:42:46 [main] INFO  testCases.TC001_AccountRegistrationTest - Providing User Details....
2024-11-29 23:42:49 [main] INFO  testCases.TC001_AccountRegistrationTest - Validating expected message....
2024-11-29 23:42:49 [main] INFO  testCases.TC001_AccountRegistrationTest - **** Finished TC001_AccountRegistrationTest ****
2024-11-29 23:42:54 [main] INFO  testCases.TC002_LoginTest - **** Starting TC002 LoginTest ****
2024-11-29 23:42:54 [main] INFO  testCases.TC002_LoginTest - **** Go to login page ****
2024-11-29 23:42:54 [main] INFO  testCases.TC002_LoginTest - Enter email ans password....
2024-11-29 23:42:56 [main] INFO  testCases.TC002_LoginTest - TC002 LoginTest Finished
2024-11-29 23:49:56 [main] INFO  testCases.TC001_AccountRegistrationTest - **** Starting TC001_AccountRegistrationTest ****
2024-11-29 23:49:56 [main] INFO  testCases.TC001_AccountRegistrationTest - Clicked on My Account Link....
2024-11-29 23:49:57 [main] INFO  testCases.TC001_AccountRegistrationTest - Clicked on My Register Link....
2024-11-29 23:49:57 [main] INFO  testCases.TC001_AccountRegistrationTest - Providing User Details....
2024-11-29 23:49:59 [main] INFO  testCases.TC001_AccountRegistrationTest - Validating expected message....
2024-11-29 23:49:59 [main] INFO  testCases.TC001_AccountRegistrationTest - **** Finished TC001_AccountRegistrationTest ****
2024-11-29 23:50:04 [main] INFO  testCases.TC002_LoginTest - **** Starting TC002 LoginTest ****
2024-11-29 23:50:04 [main] INFO  testCases.TC002_LoginTest - **** Go to login page ****
2024-11-29 23:50:05 [main] INFO  testCases.TC002_LoginTest - Enter email ans password....
2024-11-29 23:50:08 [main] INFO  testCases.TC002_LoginTest - TC002 LoginTest Finished
2025-08-26 09:22:21 [main] INFO  testCases.TC001_AccountRegistrationTest - **** Starting TC001_AccountRegistrationTest ****
2025-08-26 09:22:21 [main] ERROR testCases.TC001_AccountRegistrationTest - Test Failed....
2025-08-26 09:22:21 [main] INFO  testCases.TC002_LoginTest - **** Starting TC002 LoginTest ****
2025-08-26 09:22:21 [main] INFO  testCases.TC002_LoginTest - **** Go to login page ****
2025-08-26 09:22:21 [main] INFO  testCases.TC001_AccountRegistrationTest - **** Starting TC001_AccountRegistrationTest ****
2025-08-26 09:22:21 [main] ERROR testCases.TC001_AccountRegistrationTest - Test Failed....
2025-08-26 09:22:21 [main] INFO  testCases.TC002_LoginTest - **** Starting TC002 LoginTest ****
2025-08-26 09:22:21 [main] INFO  testCases.TC002_LoginTest - **** Go to login page ****
2025-08-26 09:26:16 [main] INFO  testCases.TC001_AccountRegistrationTest - **** Starting TC001_AccountRegistrationTest ****
2025-08-26 09:26:16 [main] ERROR testCases.TC001_AccountRegistrationTest - Test Failed....
2025-08-26 09:26:16 [main] INFO  testCases.TC002_LoginTest - **** Starting TC002 LoginTest ****
2025-08-26 09:26:16 [main] INFO  testCases.TC002_LoginTest - **** Go to login page ****
2025-08-26 09:26:17 [main] INFO  testCases.TC001_AccountRegistrationTest - **** Starting TC001_AccountRegistrationTest ****
2025-08-26 09:26:17 [main] ERROR testCases.TC001_AccountRegistrationTest - Test Failed....
2025-08-26 09:26:17 [main] INFO  testCases.TC002_LoginTest - **** Starting TC002 LoginTest ****
2025-08-26 09:26:17 [main] INFO  testCases.TC002_LoginTest - **** Go to login page ****
2025-08-27 09:22:54 [main] INFO  testCases.TC001_AccountRegistrationTest - **** Starting TC001_AccountRegistrationTest ****
2025-08-27 09:22:55 [main] INFO  testCases.TC001_AccountRegistrationTest - Clicked on My Account Link....
2025-08-27 09:22:56 [main] INFO  testCases.TC001_AccountRegistrationTest - Clicked on My Register Link....
2025-08-27 09:22:56 [main] INFO  testCases.TC001_AccountRegistrationTest - Providing User Details....
2025-08-27 09:23:02 [main] INFO  testCases.TC001_AccountRegistrationTest - Validating expected message....
2025-08-27 09:23:02 [main] INFO  testCases.TC001_AccountRegistrationTest - **** Finished TC001_AccountRegistrationTest ****
2025-08-27 09:23:28 [main] INFO  testCases.TC002_LoginTest - **** Starting TC002 LoginTest ****
2025-08-27 09:23:28 [main] INFO  testCases.TC002_LoginTest - **** Go to login page ****
2025-08-27 09:23:30 [main] INFO  testCases.TC002_LoginTest - Enter email ans password....
2025-08-27 09:23:34 [main] INFO  testCases.TC002_LoginTest - TC002 LoginTest Finished
2025-08-27 09:23:49 [main] INFO  testCases.TC001_AccountRegistrationTest - **** Starting TC001_AccountRegistrationTest ****
2025-08-27 09:23:50 [main] INFO  testCases.TC001_AccountRegistrationTest - Clicked on My Account Link....
2025-08-27 09:23:52 [main] INFO  testCases.TC001_AccountRegistrationTest - Clicked on My Register Link....
2025-08-27 09:23:52 [main] INFO  testCases.TC001_AccountRegistrationTest - Providing User Details....
2025-08-27 09:24:00 [main] INFO  testCases.TC001_AccountRegistrationTest - Validating expected message....
2025-08-27 09:24:01 [main] INFO  testCases.TC001_AccountRegistrationTest - **** Finished TC001_AccountRegistrationTest ****
2025-08-27 09:24:12 [main] INFO  testCases.TC002_LoginTest - **** Starting TC002 LoginTest ****
2025-08-27 09:24:12 [main] INFO  testCases.TC002_LoginTest - **** Go to login page ****
2025-08-27 09:24:15 [main] INFO  testCases.TC002_LoginTest - Enter email ans password....
2025-08-27 09:24:19 [main] INFO  testCases.TC002_LoginTest - TC002 LoginTest Finished
